2024/04/18 08:52:28 [notice] 1#1: using the "epoll" event method
2024/04/18 08:52:28 [notice] 1#1: nginx/1.25.4
2024/04/18 08:52:28 [notice] 1#1: built by gcc 12.2.0 (Debian 12.2.0-14) 
2024/04/18 08:52:28 [notice] 1#1: OS: Linux 5.15.0-102-generic
2024/04/18 08:52:28 [notice] 1#1: getrlimit(RLIMIT_NOFILE): 1048576:1048576
2024/04/18 08:52:28 [notice] 1#1: start worker processes
2024/04/18 08:52:28 [notice] 1#1: start worker process 28
2024/04/18 08:52:28 [notice] 1#1: start worker process 29
2024/04/18 08:52:28 [notice] 1#1: start worker process 30
2024/04/18 08:52:28 [notice] 1#1: start worker process 31
2024/04/18 08:56:24 [notice] 1#1: signal 3 (SIGQUIT) received, shutting down
2024/04/18 08:56:24 [notice] 28#28: gracefully shutting down
2024/04/18 08:56:24 [notice] 31#31: gracefully shutting down
2024/04/18 08:56:24 [notice] 29#29: gracefully shutting down
2024/04/18 08:56:24 [notice] 28#28: exiting
2024/04/18 08:56:24 [notice] 29#29: exiting
2024/04/18 08:56:24 [notice] 31#31: exiting
2024/04/18 08:56:24 [notice] 28#28: exit
2024/04/18 08:56:24 [notice] 29#29: exit
2024/04/18 08:56:24 [notice] 31#31: exit
2024/04/18 08:56:24 [notice] 30#30: gracefully shutting down
2024/04/18 08:56:24 [notice] 30#30: exiting
2024/04/18 08:56:24 [notice] 30#30: exit
2024/04/18 08:56:24 [notice] 1#1: signal 17 (SIGCHLD) received from 31
2024/04/18 08:56:24 [notice] 1#1: worker process 29 exited with code 0
2024/04/18 08:56:24 [notice] 1#1: worker process 28 exited with code 0
2024/04/18 08:56:24 [notice] 1#1: worker process 31 exited with code 0
2024/04/18 08:56:24 [notice] 1#1: signal 29 (SIGIO) received
2024/04/18 08:56:24 [notice] 1#1: signal 17 (SIGCHLD) received from 29
2024/04/18 08:56:24 [notice] 1#1: signal 17 (SIGCHLD) received from 30
2024/04/18 08:56:24 [notice] 1#1: worker process 30 exited with code 0
2024/04/18 08:56:24 [notice] 1#1: exit
2024/04/18 08:57:33 [notice] 1#1: using the "epoll" event method
2024/04/18 08:57:33 [notice] 1#1: nginx/1.25.4
2024/04/18 08:57:33 [notice] 1#1: built by gcc 12.2.0 (Debian 12.2.0-14) 
2024/04/18 08:57:33 [notice] 1#1: OS: Linux 5.15.0-102-generic
2024/04/18 08:57:33 [notice] 1#1: getrlimit(RLIMIT_NOFILE): 1048576:1048576
2024/04/18 08:57:33 [notice] 1#1: start worker processes
2024/04/18 08:57:33 [notice] 1#1: start worker process 29
2024/04/18 08:57:33 [notice] 1#1: start worker process 30
2024/04/18 08:57:33 [notice] 1#1: start worker process 31
2024/04/18 08:57:33 [notice] 1#1: start worker process 32
2024/04/18 09:00:18 [error] 30#30: *4 connect() failed (111: Connection refused) while connecting to upstream, client: 172.25.0.1, server: localhost, request: "GET / HTTP/1.1", upstream: "http://172.25.0.4:8080/", host: "localhost:8080"
2024/04/18 09:04:20 [notice] 1#1: signal 3 (SIGQUIT) received, shutting down
2024/04/18 09:04:20 [notice] 29#29: gracefully shutting down
2024/04/18 09:04:20 [notice] 30#30: gracefully shutting down
2024/04/18 09:04:20 [notice] 29#29: exiting
2024/04/18 09:04:20 [notice] 30#30: exiting
2024/04/18 09:04:20 [notice] 30#30: exit
2024/04/18 09:04:20 [notice] 29#29: exit
2024/04/18 09:04:20 [notice] 31#31: gracefully shutting down
2024/04/18 09:04:20 [notice] 31#31: exiting
2024/04/18 09:04:20 [notice] 32#32: gracefully shutting down
2024/04/18 09:04:20 [notice] 32#32: exiting
2024/04/18 09:04:20 [notice] 31#31: exit
2024/04/18 09:04:20 [notice] 32#32: exit
2024/04/18 09:04:21 [notice] 1#1: signal 17 (SIGCHLD) received from 32
2024/04/18 09:04:21 [notice] 1#1: worker process 31 exited with code 0
2024/04/18 09:04:21 [notice] 1#1: worker process 32 exited with code 0
2024/04/18 09:04:21 [notice] 1#1: signal 29 (SIGIO) received
2024/04/18 09:04:21 [notice] 1#1: signal 17 (SIGCHLD) received from 31
2024/04/18 09:04:21 [notice] 1#1: signal 17 (SIGCHLD) received from 30
2024/04/18 09:04:21 [notice] 1#1: worker process 29 exited with code 0
2024/04/18 09:04:21 [notice] 1#1: worker process 30 exited with code 0
2024/04/18 09:04:21 [notice] 1#1: exit
2024/04/18 09:06:23 [notice] 1#1: using the "epoll" event method
2024/04/18 09:06:23 [notice] 1#1: nginx/1.25.4
2024/04/18 09:06:23 [notice] 1#1: built by gcc 12.2.0 (Debian 12.2.0-14) 
2024/04/18 09:06:23 [notice] 1#1: OS: Linux 5.15.0-102-generic
2024/04/18 09:06:23 [notice] 1#1: getrlimit(RLIMIT_NOFILE): 1048576:1048576
2024/04/18 09:06:23 [notice] 1#1: start worker processes
2024/04/18 09:06:23 [notice] 1#1: start worker process 28
2024/04/18 09:06:23 [notice] 1#1: start worker process 29
2024/04/18 09:06:23 [notice] 1#1: start worker process 30
2024/04/18 09:06:23 [notice] 1#1: start worker process 31
2024/04/18 11:46:43 [notice] 1#1: signal 3 (SIGQUIT) received, shutting down
2024/04/18 11:46:43 [notice] 29#29: gracefully shutting down
2024/04/18 11:46:43 [notice] 29#29: exiting
2024/04/18 11:46:43 [notice] 29#29: exit
2024/04/18 11:46:43 [notice] 28#28: gracefully shutting down
2024/04/18 11:46:43 [notice] 28#28: exiting
2024/04/18 11:46:43 [notice] 28#28: exit
2024/04/18 11:46:43 [notice] 31#31: gracefully shutting down
2024/04/18 11:46:43 [notice] 31#31: exiting
2024/04/18 11:46:43 [notice] 31#31: exit
2024/04/18 11:46:43 [notice] 30#30: gracefully shutting down
2024/04/18 11:46:43 [notice] 30#30: exiting
2024/04/18 11:46:43 [notice] 30#30: exit
2024/04/18 11:46:43 [notice] 1#1: signal 17 (SIGCHLD) received from 29
2024/04/18 11:46:43 [notice] 1#1: worker process 29 exited with code 0
2024/04/18 11:46:43 [notice] 1#1: signal 29 (SIGIO) received
2024/04/18 11:46:43 [notice] 1#1: signal 17 (SIGCHLD) received from 31
2024/04/18 11:46:43 [notice] 1#1: worker process 30 exited with code 0
2024/04/18 11:46:43 [notice] 1#1: worker process 31 exited with code 0
2024/04/18 11:46:43 [notice] 1#1: signal 29 (SIGIO) received
2024/04/18 11:46:43 [notice] 1#1: signal 17 (SIGCHLD) received from 30
2024/04/18 11:46:43 [notice] 1#1: signal 17 (SIGCHLD) received from 28
2024/04/18 11:46:43 [notice] 1#1: worker process 28 exited with code 0
2024/04/18 11:46:43 [notice] 1#1: exit
2024/04/18 11:52:15 [notice] 1#1: using the "epoll" event method
2024/04/18 11:52:15 [notice] 1#1: nginx/1.25.4
2024/04/18 11:52:15 [notice] 1#1: built by gcc 12.2.0 (Debian 12.2.0-14) 
2024/04/18 11:52:15 [notice] 1#1: OS: Linux 5.15.0-102-generic
2024/04/18 11:52:15 [notice] 1#1: getrlimit(RLIMIT_NOFILE): 1048576:1048576
2024/04/18 11:52:15 [notice] 1#1: start worker processes
2024/04/18 11:52:15 [notice] 1#1: start worker process 28
2024/04/18 11:52:15 [notice] 1#1: start worker process 29
2024/04/18 11:52:15 [notice] 1#1: start worker process 30
2024/04/18 11:52:15 [notice] 1#1: start worker process 31
2024/04/18 11:53:24 [notice] 1#1: signal 3 (SIGQUIT) received, shutting down
2024/04/18 11:53:24 [notice] 30#30: gracefully shutting down
2024/04/18 11:53:24 [notice] 31#31: gracefully shutting down
2024/04/18 11:53:24 [notice] 31#31: exiting
2024/04/18 11:53:24 [notice] 28#28: gracefully shutting down
2024/04/18 11:53:24 [notice] 28#28: exiting
2024/04/18 11:53:24 [notice] 30#30: exiting
2024/04/18 11:53:24 [notice] 31#31: exit
2024/04/18 11:53:24 [notice] 28#28: exit
2024/04/18 11:53:24 [notice] 30#30: exit
2024/04/18 11:53:24 [notice] 29#29: gracefully shutting down
2024/04/18 11:53:24 [notice] 29#29: exiting
2024/04/18 11:53:24 [notice] 29#29: exit
2024/04/18 11:53:24 [notice] 1#1: signal 17 (SIGCHLD) received from 31
2024/04/18 11:53:24 [notice] 1#1: worker process 29 exited with code 0
2024/04/18 11:53:24 [notice] 1#1: worker process 31 exited with code 0
2024/04/18 11:53:24 [notice] 1#1: signal 29 (SIGIO) received
2024/04/18 11:53:24 [notice] 1#1: signal 17 (SIGCHLD) received from 28
2024/04/18 11:53:24 [notice] 1#1: worker process 28 exited with code 0
2024/04/18 11:53:24 [notice] 1#1: signal 29 (SIGIO) received
2024/04/18 11:53:24 [notice] 1#1: signal 17 (SIGCHLD) received from 30
2024/04/18 11:53:24 [notice] 1#1: worker process 30 exited with code 0
2024/04/18 11:53:24 [notice] 1#1: exit
2024/04/18 11:56:48 [notice] 1#1: using the "epoll" event method
2024/04/18 11:56:48 [notice] 1#1: nginx/1.25.4
2024/04/18 11:56:48 [notice] 1#1: built by gcc 12.2.0 (Debian 12.2.0-14) 
2024/04/18 11:56:48 [notice] 1#1: OS: Linux 5.15.0-102-generic
2024/04/18 11:56:48 [notice] 1#1: getrlimit(RLIMIT_NOFILE): 1048576:1048576
2024/04/18 11:56:48 [notice] 1#1: start worker processes
2024/04/18 11:56:48 [notice] 1#1: start worker process 28
2024/04/18 11:56:48 [notice] 1#1: start worker process 29
2024/04/18 11:56:48 [notice] 1#1: start worker process 30
2024/04/18 11:56:48 [notice] 1#1: start worker process 31
2024/04/18 15:08:14 [notice] 29#29: signal 15 (SIGTERM) received, exiting
2024/04/18 15:08:14 [notice] 29#29: exiting
2024/04/18 15:08:14 [notice] 29#29: exit
2024/04/18 15:08:14 [notice] 30#30: signal 15 (SIGTERM) received, exiting
2024/04/18 15:08:14 [notice] 30#30: exiting
2024/04/18 15:08:14 [notice] 30#30: exit
2024/04/18 15:08:14 [notice] 31#31: signal 15 (SIGTERM) received, exiting
2024/04/18 15:08:14 [notice] 31#31: exiting
2024/04/18 15:08:14 [notice] 31#31: exit
2024/04/18 15:08:14 [notice] 1#1: signal 15 (SIGTERM) received, exiting
2024/04/18 15:08:14 [notice] 28#28: signal 15 (SIGTERM) received, exiting
2024/04/18 15:08:14 [notice] 28#28: exiting
2024/04/18 15:08:14 [notice] 28#28: exit
2024/04/18 15:08:14 [notice] 1#1: signal 14 (SIGALRM) received
2024/04/18 15:08:14 [notice] 1#1: signal 14 (SIGALRM) received
2024/04/18 15:08:14 [notice] 1#1: signal 14 (SIGALRM) received
2024/04/18 15:08:14 [notice] 1#1: signal 3 (SIGQUIT) received, shutting down
2024/04/18 15:08:15 [notice] 1#1: signal 14 (SIGALRM) received
2024/04/18 15:08:15 [notice] 1#1: signal 17 (SIGCHLD) received from 29
2024/04/18 15:08:15 [notice] 1#1: worker process 29 exited with code 0
2024/04/18 15:08:15 [notice] 1#1: worker process 30 exited with code 0
2024/04/18 15:08:15 [notice] 1#1: worker process 28 exited with code 0
2024/04/18 15:08:15 [notice] 1#1: signal 29 (SIGIO) received
2024/04/18 15:08:15 [notice] 1#1: signal 17 (SIGCHLD) received from 30
2024/04/18 15:08:15 [notice] 1#1: signal 17 (SIGCHLD) received from 31
2024/04/18 15:08:15 [notice] 1#1: worker process 31 exited with code 0
2024/04/18 15:08:15 [notice] 1#1: exit
2024/04/19 07:19:30 [notice] 1#1: using the "epoll" event method
2024/04/19 07:19:30 [notice] 1#1: nginx/1.25.4
2024/04/19 07:19:30 [notice] 1#1: built by gcc 12.2.0 (Debian 12.2.0-14) 
2024/04/19 07:19:30 [notice] 1#1: OS: Linux 5.15.0-102-generic
2024/04/19 07:19:30 [notice] 1#1: getrlimit(RLIMIT_NOFILE): 1048576:1048576
2024/04/19 07:19:30 [notice] 1#1: start worker processes
2024/04/19 07:19:30 [notice] 1#1: start worker process 28
2024/04/19 07:19:30 [notice] 1#1: start worker process 29
2024/04/19 07:19:30 [notice] 1#1: start worker process 30
2024/04/19 07:19:30 [notice] 1#1: start worker process 31
2024/04/19 14:57:07 [notice] 1#1: signal 15 (SIGTERM) received, exiting
2024/04/19 14:57:07 [notice] 29#29: signal 15 (SIGTERM) received, exiting
2024/04/19 14:57:07 [notice] 29#29: exiting
2024/04/19 14:57:07 [notice] 29#29: exit
2024/04/19 14:57:07 [notice] 30#30: exiting
2024/04/19 14:57:07 [notice] 30#30: exit
2024/04/19 14:57:07 [notice] 31#31: exiting
2024/04/19 14:57:07 [notice] 31#31: exit
2024/04/19 14:57:07 [notice] 28#28: signal 15 (SIGTERM) received, exiting
2024/04/19 14:57:07 [notice] 28#28: exiting
2024/04/19 14:57:07 [notice] 28#28: exit
2024/04/19 14:57:07 [notice] 1#1: signal 14 (SIGALRM) received
2024/04/19 14:57:07 [notice] 1#1: signal 3 (SIGQUIT) received, shutting down
2024/04/19 14:57:07 [notice] 1#1: signal 14 (SIGALRM) received
2024/04/19 14:57:07 [notice] 1#1: signal 14 (SIGALRM) received
2024/04/19 14:57:08 [notice] 30#30: signal 15 (SIGTERM) received, exiting
2024/04/19 14:57:08 [notice] 31#31: signal 15 (SIGTERM) received, exiting
2024/04/19 14:57:08 [notice] 1#1: signal 17 (SIGCHLD) received from 29
2024/04/19 14:57:08 [notice] 1#1: worker process 29 exited with code 0
2024/04/19 14:57:08 [notice] 1#1: signal 29 (SIGIO) received
2024/04/19 14:57:08 [notice] 1#1: signal 17 (SIGCHLD) received from 31
2024/04/19 14:57:08 [notice] 1#1: worker process 31 exited with code 0
2024/04/19 14:57:08 [notice] 1#1: signal 29 (SIGIO) received
2024/04/19 14:57:08 [notice] 1#1: signal 17 (SIGCHLD) received from 30
2024/04/19 14:57:08 [notice] 1#1: worker process 30 exited with code 0
2024/04/19 14:57:08 [notice] 1#1: signal 29 (SIGIO) received
2024/04/19 14:57:08 [notice] 1#1: signal 17 (SIGCHLD) received from 28
2024/04/19 14:57:08 [notice] 1#1: worker process 28 exited with code 0
2024/04/19 14:57:08 [notice] 1#1: exit
2024/04/21 11:36:54 [notice] 1#1: using the "epoll" event method
2024/04/21 11:36:54 [notice] 1#1: nginx/1.25.5
2024/04/21 11:36:54 [notice] 1#1: built by gcc 12.2.0 (Debian 12.2.0-14) 
2024/04/21 11:36:54 [notice] 1#1: OS: Linux 5.15.0-102-generic
2024/04/21 11:36:54 [notice] 1#1: getrlimit(RLIMIT_NOFILE): 1048576:1048576
2024/04/21 11:36:54 [notice] 1#1: start worker processes
2024/04/21 11:36:54 [notice] 1#1: start worker process 29
2024/04/21 11:36:54 [notice] 1#1: start worker process 30
2024/04/21 11:36:54 [notice] 1#1: start worker process 31
2024/04/21 11:36:54 [notice] 1#1: start worker process 32
